TRACE project_s::simple_types::utils: Adding infered number as N0: Primitive { name: "number" }
TRACE project_s::simple_types::utils: Adding infered number as N1: Primitive { name: "number" }
TRACE project_s::simple_types::utils: Adding infered tuple as N2: Tuple { items: [InferedTypeId(0), InferedTypeId(1)] }
TRACE project_s::simple_types::utils: Adding infered number as N3: Primitive { name: "number" }
TRACE project_s::simple_types::utils: Adding infered function as N4: Function { lhs: InferedTypeId(2), rhs: InferedTypeId(3) }
TRACE project_s::simple_types::utils: Adding fresh variable 0 with level 1
TRACE project_s::simple_types::utils: Adding infered variable as N5: Variable { id: VarId(0) }
TRACE project_s::simple_types::utils: Adding fresh variable 1 with level 1
TRACE project_s::simple_types::utils: Adding infered variable as N6: Variable { id: VarId(1) }
TRACE project_s::simple_types::utils: Adding infered tuple as N7: Tuple { items: [InferedTypeId(5), InferedTypeId(6)] }
TRACE project_s::simple_types::utils: Adding infered bool as N8: Primitive { name: "bool" }
TRACE project_s::simple_types::utils: Adding infered function as N9: Function { lhs: InferedTypeId(7), rhs: InferedTypeId(8) }
TRACE project_s::simple_types::type_term: Infering `(do (let :f (fn (:x) x)) (f 4) f)` level 0
TRACE project_s::simple_types::type_term: Infering do expression
TRACE project_s::simple_types::type_term: Infering `(let :f (fn (:x) x))` level 0
TRACE project_s::simple_types::type_term: Infering let expression
TRACE project_s::simple_types::type_term: Infering `(fn (:x) x)` level 1
TRACE project_s::simple_types::type_term: Infering function expression
TRACE project_s::simple_types::type_term: Infering pattern: List([Single("x")]) - 1 lvl Monomorphic
TRACE project_s::simple_types::type_term: Infering pattern: Single("x") - 1 lvl Monomorphic
TRACE project_s::simple_types::utils: Adding fresh variable 2 with level 1
TRACE project_s::simple_types::utils: Adding infered variable as N10: Variable { id: VarId(2) }
TRACE project_s::simple_types::utils: `:x` with type N10
TRACE project_s::simple_types::utils: Adding infered tuple as N11: Tuple { items: [InferedTypeId(10)] }
TRACE project_s::simple_types::utils: `(:x)` with type N11
TRACE project_s::simple_types::type_term: Infering `x` level 1
TRACE project_s::simple_types::utils: `x` with type N10
TRACE project_s::simple_types::utils: Adding infered function as N12: Function { lhs: InferedTypeId(11), rhs: InferedTypeId(10) }
TRACE project_s::simple_types::utils: `(fn (:x) x)` with type N12
TRACE project_s::simple_types::type_term: Infering pattern: Single("f") - 0 lvl Polymorphic
TRACE project_s::simple_types::utils: Adding fresh variable 3 with level 0
TRACE project_s::simple_types::utils: Adding infered variable as N13: Variable { id: VarId(3) }
TRACE project_s::simple_types::utils: `:f` with type N13
TRACE project_s::simple_types::constrain: Constraining (12 <: 13): function <: variable
TRACE project_s::simple_types::constrain: RHS VAR, extruding LHS+
TRACE project_s::simple_types::extrude: Extruding ID:12 (Positive) - level 1 into level 0
TRACE project_s::simple_types::extrude: Extruding Type: Function { lhs: InferedTypeId(11), rhs: InferedTypeId(10) }
TRACE project_s::simple_types::extrude: Extruding ID:11 (Negative) - level 1 into level 0
TRACE project_s::simple_types::extrude: Extruding Type: Tuple { items: [InferedTypeId(10)] }
TRACE project_s::simple_types::extrude: Extruding ID:10 (Negative) - level 1 into level 0
TRACE project_s::simple_types::extrude: Extruding Type: Variable { id: VarId(2) }
TRACE project_s::simple_types::utils: Adding fresh variable 4 with level 0
TRACE project_s::simple_types::utils: Adding infered variable as N14: Variable { id: VarId(4) }
TRACE project_s::simple_types::extrude: Extruding new variable: 14
TRACE project_s::simple_types::extrude: Inserting NV 14 into lower bounds of VAR2
TRACE project_s::simple_types::extrude: Extruding upper bounds of VAR2: []
TRACE project_s::simple_types::extrude: Updating upper bounds of NV 14 with extruded []
TRACE project_s::simple_types::utils: Adding infered tuple as N15: Tuple { items: [InferedTypeId(14)] }
TRACE project_s::simple_types::extrude: Extruding ID:10 (Positive) - level 1 into level 0
TRACE project_s::simple_types::extrude: Extruding Type: Variable { id: VarId(2) }
TRACE project_s::simple_types::utils: Adding fresh variable 5 with level 0
TRACE project_s::simple_types::utils: Adding infered variable as N16: Variable { id: VarId(5) }
TRACE project_s::simple_types::extrude: Extruding new variable: 16
TRACE project_s::simple_types::extrude: Inserting NV 16 into upper bounds of VAR2
TRACE project_s::simple_types::extrude: Extruding lower bounds of VAR2: [InferedTypeId(14)]
TRACE project_s::simple_types::extrude: Extruding ID:14 (Positive) - level 0 into level 0
TRACE project_s::simple_types::extrude: Type level 0 <= level 0
TRACE project_s::simple_types::extrude: Updating lower bounds of NV 16 with extruded [InferedTypeId(14)]
TRACE project_s::simple_types::utils: Adding infered function as N17: Function { lhs: InferedTypeId(15), rhs: InferedTypeId(16) }
TRACE project_s::simple_types::constrain: Extruded LHS ID: 17
TRACE project_s::simple_types::constrain: Constraining (17 <: 13): function <: variable
TRACE project_s::simple_types::constrain: LHS LVL: 0 <= RHS LVL: 0
TRACE project_s::simple_types::constrain: Pushing 17 to lower bounds of RHS: 13
TRACE project_s::simple_types::utils: Adding infered tuple as N18: Tuple { items: [] }
TRACE project_s::simple_types::utils: `(let :f (fn (:x) x))` with type N18
TRACE project_s::simple_types::type_term: Infering `(f 4)` level 0
TRACE project_s::simple_types::type_term: Infering application call
TRACE project_s::simple_types::type_term: Infering `f` level 0
TRACE project_s::simple_types::freshen_above: Freshen above: limit: 0; level: 0; body: 13
TRACE project_s::simple_types::freshen_above: Freshening 13 - 0 with limit 0, level 0
TRACE project_s::simple_types::freshen_above: Type level 0 lower or equal than limit 0
TRACE project_s::simple_types::freshen_above: Freshened: 13 -> 13
TRACE project_s::simple_types::utils: `f` with type N13
TRACE project_s::simple_types::type_term: Infering `4` level 0
TRACE project_s::simple_types::utils: Adding infered 4 as N19: Literal { value: Number(4.0) }
TRACE project_s::simple_types::utils: Adding infered number as N20: Primitive { name: "number" }
TRACE project_s::simple_types::constrain: Constraining (19 <: 20): 4 <: number
TRACE project_s::simple_types::utils: `4` with type N19
TRACE project_s::simple_types::utils: Adding fresh variable 6 with level 0
TRACE project_s::simple_types::utils: Adding infered variable as N21: Variable { id: VarId(6) }
TRACE project_s::simple_types::utils: Adding infered tuple as N22: Tuple { items: [InferedTypeId(19)] }
TRACE project_s::simple_types::utils: Adding infered applicative as N23: Applicative { arg: InferedTypeId(22), ret: InferedTypeId(21), first_arg: Some(InferedTypeId(19)) }
TRACE project_s::simple_types::constrain: Constraining (13 <: 23): variable <: applicative
TRACE project_s::simple_types::constrain: RHS LVL: 0 <= LHS LVL: 0
TRACE project_s::simple_types::constrain: Pushing 23 to upper bounds of LHS 13
TRACE project_s::simple_types::constrain: Constraint by extension of lower bound: 17 :< 23
TRACE project_s::simple_types::constrain: Constraining (17 <: 23): function <: applicative
TRACE project_s::simple_types::constrain: Constraining (22 <: 15): tuple <: tuple
TRACE project_s::simple_types::constrain: Constraining (16 <: 21): variable <: variable
TRACE project_s::simple_types::constrain: RHS LVL: 0 <= LHS LVL: 0
TRACE project_s::simple_types::constrain: Pushing 21 to upper bounds of LHS 16
TRACE project_s::simple_types::constrain: Constraint by extension of lower bound: 14 :< 21
TRACE project_s::simple_types::constrain: Constraining (19 <: 14): 4 <: variable
TRACE project_s::simple_types::constrain: LHS LVL: 0 <= RHS LVL: 0
TRACE project_s::simple_types::constrain: Pushing 19 to lower bounds of RHS: 14
TRACE project_s::simple_types::constrain: Constraining (14 <: 21): variable <: variable
TRACE project_s::simple_types::constrain: RHS LVL: 0 <= LHS LVL: 0
TRACE project_s::simple_types::constrain: Pushing 21 to upper bounds of LHS 14
TRACE project_s::simple_types::constrain: Constraint by extension of lower bound: 19 :< 21
TRACE project_s::simple_types::constrain: Constraining (19 <: 21): 4 <: variable
TRACE project_s::simple_types::constrain: LHS LVL: 0 <= RHS LVL: 0
TRACE project_s::simple_types::constrain: Pushing 19 to lower bounds of RHS: 21
TRACE project_s::simple_types::utils: `(f 4)` with type N21
TRACE project_s::simple_types::type_term: Infering `f` level 0
TRACE project_s::simple_types::freshen_above: Freshen above: limit: 0; level: 0; body: 13
TRACE project_s::simple_types::freshen_above: Freshening 13 - 0 with limit 0, level 0
TRACE project_s::simple_types::freshen_above: Type level 0 lower or equal than limit 0
TRACE project_s::simple_types::freshen_above: Freshened: 13 -> 13
TRACE project_s::simple_types::utils: `f` with type N13
TRACE project_s::simple_types::utils: `(do (let :f (fn (:x) x)) (f 4) f)` with type N13
TRACE project_s::simple_types::coalesce: Coalesce(13 ; Positive): Variable { id: VarId(3) }
TRACE project_s::simple_types::coalesce: VS_VARS: VarState {
    level: 0,
    lower_bounds: [
        InferedTypeId(
            17,
        ),
    ],
    upper_bounds: [
        InferedTypeId(
            23,
        ),
    ],
}
TRACE project_s::simple_types::coalesce: Polarity positive. Using lower bounds
TRACE project_s::simple_types::coalesce: Bounds: [
    InferedTypeId(
        17,
    ),
]
TRACE project_s::simple_types::coalesce: Coalesce(17 ; Positive): Function { lhs: InferedTypeId(15), rhs: InferedTypeId(16) }
TRACE project_s::simple_types::coalesce: Coalesce(15 ; Negative): Tuple { items: [InferedTypeId(14)] }
TRACE project_s::simple_types::coalesce: Coalesce(14 ; Negative): Variable { id: VarId(4) }
TRACE project_s::simple_types::coalesce: VS_VARS: VarState {
    level: 0,
    lower_bounds: [
        InferedTypeId(
            19,
        ),
    ],
    upper_bounds: [
        InferedTypeId(
            21,
        ),
    ],
}
TRACE project_s::simple_types::coalesce: Polarity negative. Using upper bounds
TRACE project_s::simple_types::coalesce: Bounds: [
    InferedTypeId(
        21,
    ),
]
TRACE project_s::simple_types::coalesce: Coalesce(21 ; Negative): Variable { id: VarId(6) }
TRACE project_s::simple_types::coalesce: VS_VARS: VarState {
    level: 0,
    lower_bounds: [
        InferedTypeId(
            19,
        ),
    ],
    upper_bounds: [],
}
TRACE project_s::simple_types::coalesce: Polarity negative. Using upper bounds
TRACE project_s::simple_types::coalesce: Bounds: []
TRACE project_s::simple_types::coalesce: Bound types: []
TRACE project_s::simple_types::coalesce: Bounds are empty. PolarVariable { polarity: Negative, id: VarId(6) }
TRACE project_s::simple_types::coalesce: Creating new type var: 'a
TRACE project_s::simple_types::utils: Adding Variable { name: "'a" } as 0
TRACE project_s::simple_types::coalesce: Bound types: [
    TypeId(
        0,
    ),
]
TRACE project_s::simple_types::utils: Adding Tuple { items: [TypeId(0)] } as 1
TRACE project_s::simple_types::coalesce: Coalesce(16 ; Positive): Variable { id: VarId(5) }
TRACE project_s::simple_types::coalesce: VS_VARS: VarState {
    level: 0,
    lower_bounds: [
        InferedTypeId(
            14,
        ),
    ],
    upper_bounds: [
        InferedTypeId(
            21,
        ),
    ],
}
TRACE project_s::simple_types::coalesce: Polarity positive. Using lower bounds
TRACE project_s::simple_types::coalesce: Bounds: [
    InferedTypeId(
        14,
    ),
]
TRACE project_s::simple_types::coalesce: Coalesce(14 ; Positive): Variable { id: VarId(4) }
TRACE project_s::simple_types::coalesce: VS_VARS: VarState {
    level: 0,
    lower_bounds: [
        InferedTypeId(
            19,
        ),
    ],
    upper_bounds: [
        InferedTypeId(
            21,
        ),
    ],
}
TRACE project_s::simple_types::coalesce: Polarity positive. Using lower bounds
TRACE project_s::simple_types::coalesce: Bounds: [
    InferedTypeId(
        19,
    ),
]
TRACE project_s::simple_types::coalesce: Coalesce(19 ; Positive): Literal { value: Number(4.0) }
TRACE project_s::simple_types::utils: Adding Literal { value: Number(4.0) } as 2
TRACE project_s::simple_types::coalesce: Bound types: [
    TypeId(
        2,
    ),
]
TRACE project_s::simple_types::coalesce: Bound types: [
    TypeId(
        2,
    ),
]
TRACE project_s::simple_types::utils: Adding Function { lhs: TypeId(1), rhs: TypeId(2) } as 3
TRACE project_s::simple_types::coalesce: Bound types: [
    TypeId(
        3,
    ),
]
